<?xml version="1.0" encoding="UTF-8"?>
<testsuite xmlns:xsi="http://www.w3.org/2001/XMLSchema-instance" xsi:noNamespaceSchemaLocation="https://maven.apache.org/surefire/maven-surefire-plugin/xsd/surefire-test-report-3.0.xsd" version="3.0" name="br.com.wscastro.JWTProvider.Controllers.JwtValidationTest" time="3.419" tests="10" errors="0" skipped="0" failures="0">
  <properties>
[...]
</properties>
  <testcase name="testJwtValidation" classname="br.com.wscastro.JWTProvider.Controllers.JwtValidationTest" time="0.756">
    <system-out><![CDATA[17:24:22.963 [main] INFO org.springframework.test.context.support.AnnotationConfigContextLoaderUtils -- Could not detect default configuration classes for test class [br.com.wscastro.JWTProvider.Controllers.JwtValidationTest]: JwtValidationTest does not declare any static, non-private, non-final, nested classes annotated with @Configuration.
17:24:23.104 [main] INFO org.springframework.boot.test.context.SpringBootTestContextBootstrapper -- Found @SpringBootConfiguration br.com.wscastro.JWTProvider.JwtProviderApplication for test class br.com.wscastro.JWTProvider.Controllers.JwtValidationTest

  .   ____          _            __ _ _
 /\\ / ___'_ __ _ _(_)_ __  __ _ \ \ \ \
( ( )\___ | '_ | '_| | '_ \/ _` | \ \ \ \
 \\/  ___)| |_)| | | | | || (_| |  ) ) ) )
  '  |____| .__|_| |_|_| |_\__, | / / / /
 =========|_|==============|___/=/_/_/_/
 :: Spring Boot ::       (v3.2.4-SNAPSHOT)

2024-03-03T17:24:23.558-03:00  INFO 10524 --- [           main] b.c.w.J.Controllers.JwtValidationTest    : Starting JwtValidationTest using Java 21.0.2 with PID 10524 (started by willi in C:\Users\willi\OneDrive\Documentos\Codigos\DesafioBackendItau\JWTProvider)
2024-03-03T17:24:23.560-03:00  INFO 10524 --- [           main] b.c.w.J.Controllers.JwtValidationTest    : No active profile set, falling back to 1 default profile: "default"
2024-03-03T17:24:24.140-03:00  INFO 10524 --- [           main] .s.d.r.c.RepositoryConfigurationDelegate : Bootstrapping Spring Data JDBC repositories in DEFAULT mode.
2024-03-03T17:24:24.155-03:00  INFO 10524 --- [           main] .s.d.r.c.RepositoryConfigurationDelegate : Finished Spring Data repository scanning in 12 ms. Found 0 JDBC repository interfaces.
2024-03-03T17:24:24.485-03:00  WARN 10524 --- [           main] .s.s.UserDetailsServiceAutoConfiguration : 

Using generated security password: b1c1eb79-d941-4a94-ba31-5636820088b9

This generated password is for development use only. Your security configuration must be updated before running your application in production.

2024-03-03T17:24:24.756-03:00  INFO 10524 --- [           main] o.s.s.web.DefaultSecurityFilterChain     : Will secure any request with [org.springframework.security.web.session.DisableEncodeUrlFilter@721d5b74, org.springframework.security.web.context.request.async.WebAsyncManagerIntegrationFilter@3421debd, org.springframework.security.web.context.SecurityContextHolderFilter@2c719bd4, org.springframework.security.web.header.HeaderWriterFilter@3e046e39, org.springframework.web.filter.CorsFilter@41bfa9e9, org.springframework.security.web.authentication.logout.LogoutFilter@40ed1802, org.springframework.security.web.authentication.www.BasicAuthenticationFilter@4bb1b96b, org.springframework.security.web.savedrequest.RequestCacheAwareFilter@37a0ec3c, org.springframework.security.web.servletapi.SecurityContextHolderAwareRequestFilter@422ad5e2, org.springframework.security.web.authentication.AnonymousAuthenticationFilter@68b7d0ef, org.springframework.security.web.session.SessionManagementFilter@62b3a2f6, org.springframework.security.web.access.ExceptionTranslationFilter@1f736d00, org.springframework.security.web.access.intercept.AuthorizationFilter@17d2b075]
2024-03-03T17:24:25.023-03:00  INFO 10524 --- [           main] com.zaxxer.hikari.HikariDataSource       : HikariPool-1 - Starting...
2024-03-03T17:24:25.209-03:00  INFO 10524 --- [           main] com.zaxxer.hikari.pool.HikariPool        : HikariPool-1 - Added connection conn0: url=jdbc:h2:mem:50069c8f-615b-4250-9cc0-710865f26111 user=SA
2024-03-03T17:24:25.211-03:00  INFO 10524 --- [           main] com.zaxxer.hikari.HikariDataSource       : HikariPool-1 - Start completed.
2024-03-03T17:24:25.349-03:00  INFO 10524 --- [           main] b.c.w.J.Controllers.JwtValidationTest    : Started JwtValidationTest in 2.048 seconds (process running for 3.131)
2024-03-03T17:24:26.069-03:00  INFO 10524 --- [           main] o.s.b.t.m.w.SpringBootMockServletContext : Initializing Spring TestDispatcherServlet ''
2024-03-03T17:24:26.069-03:00  INFO 10524 --- [           main] o.s.t.web.servlet.TestDispatcherServlet  : Initializing Servlet ''
2024-03-03T17:24:26.070-03:00  INFO 10524 --- [           main] o.s.t.web.servlet.TestDispatcherServlet  : Completed initialization in 1 ms
2024-03-03T17:24:26.107-03:00  WARN 10524 --- [           main] .w.s.m.s.DefaultHandlerExceptionResolver : Resolved [org.springframework.http.converter.HttpMessageNotReadableException: Required request body is missing: public java.lang.Boolean br.com.wscastro.JWTProvider.Controllers.JwtValidationApplication.validateJwt(java.lang.String)]
]]></system-out>
    <system-err><![CDATA[WARNING: A Java agent has been loaded dynamically (C:\Users\willi\.m2\repository\net\bytebuddy\byte-buddy-agent\1.14.12\byte-buddy-agent-1.14.12.jar)
WARNING: If a serviceability tool is in use, please run with -XX:+EnableDynamicAgentLoading to hide this warning
WARNING: If a serviceability tool is not in use, please run with -Djdk.instrument.traceUsage for more information
WARNING: Dynamic loading of agents will be disallowed by default in a future release
]]></system-err>
  </testcase>
  <testcase name="testJwtValidationWithException" classname="br.com.wscastro.JWTProvider.Controllers.JwtValidationTest" time="0.005">
    <system-out><![CDATA[2024-03-03T17:24:26.123-03:00  INFO 10524 --- [           main] o.s.b.t.m.w.SpringBootMockServletContext : Initializing Spring TestDispatcherServlet ''
2024-03-03T17:24:26.124-03:00  INFO 10524 --- [           main] o.s.t.web.servlet.TestDispatcherServlet  : Initializing Servlet ''
2024-03-03T17:24:26.124-03:00  INFO 10524 --- [           main] o.s.t.web.servlet.TestDispatcherServlet  : Completed initialization in 0 ms
2024-03-03T17:24:26.125-03:00  WARN 10524 --- [           main] .w.s.m.s.DefaultHandlerExceptionResolver : Resolved [org.springframework.http.converter.HttpMessageNotReadableException: Required request body is missing: public org.springframework.http.ResponseEntity br.com.wscastro.JWTProvider.Controllers.JwtValidationApplication.validateJwtWithExceptions(java.lang.String)]
]]></system-out>
  </testcase>
  <testcase name="testJwtValidationCaso4WithException" classname="br.com.wscastro.JWTProvider.Controllers.JwtValidationTest" time="0.032">
    <system-out><![CDATA[2024-03-03T17:24:26.129-03:00  INFO 10524 --- [           main] o.s.b.t.m.w.SpringBootMockServletContext : Initializing Spring TestDispatcherServlet ''
2024-03-03T17:24:26.129-03:00  INFO 10524 --- [           main] o.s.t.web.servlet.TestDispatcherServlet  : Initializing Servlet ''
2024-03-03T17:24:26.130-03:00  INFO 10524 --- [           main] o.s.t.web.servlet.TestDispatcherServlet  : Completed initialization in 1 ms
]]></system-out>
  </testcase>
  <testcase name="testJwtValidationCaso3WithException" classname="br.com.wscastro.JWTProvider.Controllers.JwtValidationTest" time="0.006">
    <system-out><![CDATA[2024-03-03T17:24:26.163-03:00  INFO 10524 --- [           main] o.s.b.t.m.w.SpringBootMockServletContext : Initializing Spring TestDispatcherServlet ''
2024-03-03T17:24:26.163-03:00  INFO 10524 --- [           main] o.s.t.web.servlet.TestDispatcherServlet  : Initializing Servlet ''
2024-03-03T17:24:26.163-03:00  INFO 10524 --- [           main] o.s.t.web.servlet.TestDispatcherServlet  : Completed initialization in 0 ms
]]></system-out>
  </testcase>
  <testcase name="testJwtValidationCaso2WithException" classname="br.com.wscastro.JWTProvider.Controllers.JwtValidationTest" time="0.006">
    <system-out><![CDATA[2024-03-03T17:24:26.169-03:00  INFO 10524 --- [           main] o.s.b.t.m.w.SpringBootMockServletContext : Initializing Spring TestDispatcherServlet ''
2024-03-03T17:24:26.169-03:00  INFO 10524 --- [           main] o.s.t.web.servlet.TestDispatcherServlet  : Initializing Servlet ''
2024-03-03T17:24:26.170-03:00  INFO 10524 --- [           main] o.s.t.web.servlet.TestDispatcherServlet  : Completed initialization in 1 ms
]]></system-out>
  </testcase>
  <testcase name="testJwtValidationCaso1WithException" classname="br.com.wscastro.JWTProvider.Controllers.JwtValidationTest" time="0.011">
    <system-out><![CDATA[2024-03-03T17:24:26.176-03:00  INFO 10524 --- [           main] o.s.b.t.m.w.SpringBootMockServletContext : Initializing Spring TestDispatcherServlet ''
2024-03-03T17:24:26.176-03:00  INFO 10524 --- [           main] o.s.t.web.servlet.TestDispatcherServlet  : Initializing Servlet ''
2024-03-03T17:24:26.176-03:00  INFO 10524 --- [           main] o.s.t.web.servlet.TestDispatcherServlet  : Completed initialization in 0 ms
]]></system-out>
  </testcase>
  <testcase name="testJwtValidationCaso1" classname="br.com.wscastro.JWTProvider.Controllers.JwtValidationTest" time="0.006">
    <system-out><![CDATA[2024-03-03T17:24:26.189-03:00  INFO 10524 --- [           main] o.s.b.t.m.w.SpringBootMockServletContext : Initializing Spring TestDispatcherServlet ''
2024-03-03T17:24:26.189-03:00  INFO 10524 --- [           main] o.s.t.web.servlet.TestDispatcherServlet  : Initializing Servlet ''
2024-03-03T17:24:26.189-03:00  INFO 10524 --- [           main] o.s.t.web.servlet.TestDispatcherServlet  : Completed initialization in 0 ms
]]></system-out>
  </testcase>
  <testcase name="testJwtValidationCaso2" classname="br.com.wscastro.JWTProvider.Controllers.JwtValidationTest" time="0.005">
    <system-out><![CDATA[2024-03-03T17:24:26.196-03:00  INFO 10524 --- [           main] o.s.b.t.m.w.SpringBootMockServletContext : Initializing Spring TestDispatcherServlet ''
2024-03-03T17:24:26.196-03:00  INFO 10524 --- [           main] o.s.t.web.servlet.TestDispatcherServlet  : Initializing Servlet ''
2024-03-03T17:24:26.196-03:00  INFO 10524 --- [           main] o.s.t.web.servlet.TestDispatcherServlet  : Completed initialization in 0 ms
]]></system-out>
  </testcase>
  <testcase name="testJwtValidationCaso3" classname="br.com.wscastro.JWTProvider.Controllers.JwtValidationTest" time="0.004">
    <system-out><![CDATA[2024-03-03T17:24:26.201-03:00  INFO 10524 --- [           main] o.s.b.t.m.w.SpringBootMockServletContext : Initializing Spring TestDispatcherServlet ''
2024-03-03T17:24:26.201-03:00  INFO 10524 --- [           main] o.s.t.web.servlet.TestDispatcherServlet  : Initializing Servlet ''
2024-03-03T17:24:26.201-03:00  INFO 10524 --- [           main] o.s.t.web.servlet.TestDispatcherServlet  : Completed initialization in 0 ms
]]></system-out>
  </testcase>
  <testcase name="testJwtValidationCaso4" classname="br.com.wscastro.JWTProvider.Controllers.JwtValidationTest" time="0.008">
    <system-out><![CDATA[2024-03-03T17:24:26.208-03:00  INFO 10524 --- [           main] o.s.b.t.m.w.SpringBootMockServletContext : Initializing Spring TestDispatcherServlet ''
2024-03-03T17:24:26.208-03:00  INFO 10524 --- [           main] o.s.t.web.servlet.TestDispatcherServlet  : Initializing Servlet ''
2024-03-03T17:24:26.209-03:00  INFO 10524 --- [           main] o.s.t.web.servlet.TestDispatcherServlet  : Completed initialization in 1 ms
]]></system-out>
  </testcase>
</testsuite>